<?xml version="1.0" encoding="UTF-8"?>
<!-- Generated by org.testng.reporters.JUnitReportReporter -->
<testsuite hostname="PSL-5CD151861R" failures="0" tests="1" name="Stepdefs.CucumberRunnerTest" time="0.113" errors="0" timestamp="2022-03-13T07:33:10 IST" skipped="0">
  <testcase classname="Stepdefs.CucumberRunnerTest" name="runScenario" time="0.113"/>
  <system-out/>
</testsuite> <!-- Stepdefs.CucumberRunnerTest -->
