<?xml version="1.0" encoding="UTF-8"?>
<!-- Generated by org.testng.reporters.JUnitReportReporter -->
<testsuite hostname="ARPGL007146" failures="0" tests="3" name="MyRunner.CucumberRunnerTest" time="127.768" errors="0" timestamp="2022-04-20T16:23:56 IST" skipped="0">
  <testcase classname="MyRunner.CucumberRunnerTest" name="runScenario" time="36.220"/>
  <system-out/>
  <testcase classname="MyRunner.CucumberRunnerTest" name="runScenario" time="40.017"/>
  <system-out/>
  <testcase classname="MyRunner.CucumberRunnerTest" name="runScenario" time="51.531"/>
  <system-out/>
</testsuite> <!-- MyRunner.CucumberRunnerTest -->
