<?xml version="1.0" encoding="UTF-8"?>
<!-- Generated by org.testng.reporters.JUnitReportReporter -->
<testsuite hostname="STP01LAP573" failures="0" tests="1" name="com.sarvatra.test.ehub.CucumberRunner.CucumberRunnerTest" time="71.852" errors="0" timestamp="2023-09-22T22:45:50 IST" skipped="0">
  <testcase classname="com.sarvatra.test.ehub.CucumberRunner.CucumberRunnerTest" name="runScenario" time="71.852"/>
  <system-out/>
</testsuite> <!-- com.sarvatra.test.ehub.CucumberRunner.CucumberRunnerTest -->
